<?xml version="1.0" encoding="UTF-8"?>
<testsuite name="detectors.PasswordDetectorTest" tests="11" skipped="0" failures="0" errors="0" timestamp="2026-08-08T03:10:35.399Z" hostname="APC" time="0.031">
  <properties/>
  <testcase name="[1] a" classname="detectors.PasswordDetectorTest" time="0.002"/>
  <testcase name="[2] aaaaaaa!" classname="detectors.PasswordDetectorTest" time="0.016"/>
  <testcase name="[3] aaaHaaaaa" classname="detectors.PasswordDetectorTest" time="0.002"/>
  <testcase name="[4] Abbbbbbb!" classname="detectors.PasswordDetectorTest" time="0.001"/>
  <testcase name="[5] aaaaaaH*" classname="detectors.PasswordDetectorTest" time="0.001"/>
  <testcase name="[6] aaaH!aa" classname="detectors.PasswordDetectorTest" time="0.001"/>
  <testcase name="empty string is rejected()" classname="detectors.PasswordDetectorTest" time="0.0"/>
  <testcase name="[1] aaaaH!aa" classname="detectors.PasswordDetectorTest" time="0.001"/>
  <testcase name="[2] 1234567*9J" classname="detectors.PasswordDetectorTest" time="0.0"/>
  <testcase name="[3] asdpoihj;loikjasdf;ijp;lij2309jasd;lfkm20ij@aH" classname="detectors.PasswordDetectorTest" time="0.0"/>
  <testcase name="[4] aaH!aaaa" classname="detectors.PasswordDetectorTest" time="0.0"/>
  <system-out><![CDATA[]]></system-out>
  <system-err><![CDATA[]]></system-err>
</testsuite>
